[    0.000000] Initializing cgroup subsys cpuset
[    0.000000] nitializingcgroup subsys cpu
[   0.0000000]nitializing cgoup subsys cpuacct
[    0.000000] nux version 4.4.0-137-generic (buildd@lgw01-amd64-037) (gcc version 5.4.0 20160609 (Ubuntu 5.4.-6ubuntu1~16.04.10) ) #163-Ubuntu SMP Mon Sep 24 13:14:43 UTC 2018 (Ubuntu 4.4.0-137.163-generic 4.4.144)
[    0.000000] Command line: BOOT_IMAGE=/boot/vmlinuz-4.4.0-137-generic root=LABEL=cloudimg-rootfs ro console=tty1 console=ttyS0
[    0.000000] KERNEL supported cpus:
[    0.000000]   Intel GenuineIntel
[    0.000000]   AMD AuthenticAMD
[    0.000000]   Centaur CentaurHauls
[    0.000000] x86/fpu: xstate_offset[2]:  576, xstate_sizes[2]:  256
[    0.000000] x86/fpu: Supprting XSAVE featre 0x01: 'x87 floating point regsters'
[    0.000000] x86/fpu Supporting XSAVE feture 0x02: 'SSE registers'
[    0.000000] x86/fpu: Supporting XSAVE feature 0x04: AVX registers'
[    0.000000] x86/fpu: Enabled xstatefeatures 0x7, contet size is 832 bytes, using 'standard' formatt.
[    0.000000] e820: BIOS-provided physical RAM map:
[   0.000000] BIOS-e820: [em 0x000000000000000-0x000000000009fbff] usable
[    0.000000] BIOS-e820: [mem 0x000000000009fc00-0x000000000009ffff reserved
[    0.000000] BIOS-e820: [mem 0x00000000000f0000-0x00000000000fffff] reserved
[    0.000000] BIOS-e820: [mem 0x0000000000100000-0x000000003ffeffff usale
[    0.000000] BIOS-e820: [mem 0x00000003fff0000-0x000000003fffffff] ACPI data
[    0.000000] BIOS-e820: [mem 0x00000000fec00000-0x00000000fc00fff] reserved
[    0.000000] BIOS-e820: [mem 0x00000000fee00000-0x00000000fee00fff] reserved
[    0.000000] BIOS-e820: [mem 0x00000000fffc0000-0x00000000ffffffff] reserved
[    0.000000] NX (Execute Disable) protection: active
[    0.000000] SMBIOS 2.5 present.
[    0.000000] Hypervisor detected: KVM
[    0.000000] e820: last_pfn = 0x3fff0 max_arch_pfn = 0x400000000
[    0.000000] MTRR: Disabled
[    0.000000] x86/PAT: MTRRs disabled, skipping PAT initialization too.
[    0.000000] CPU MTRRs all blank - virtualized system.
[    0.000000] x86/PAT: Configuration [0-7]: WB  WT  UC- UC  WB  WT  UC- UC  
[    0.000000] found SMP MP-table at [mem 0x0009fff0-0x0009ffff] mapped at [ffff88000009fff0]
[    0.000000] Scanning 1 areas for lowmemory corruption
[    0.0000] RAMDISK: [mem 0x3630e000-0x3717efff]
[    0.00000] ACPI: Early table ceckum veriication disabled
[    0.000000] ACPI: RSDP 0x00000000000E0000 000024 (v02 VBOX  )
[    0.000000] ACPI: XSDT 0x000000003FFF0030 00003C (v01 VBOX   VBOXXSDT 00000001 ASL  00000061)
[    0.000000] ACPI: FACP 0x000000003FFF00F0 0000F4 (v04 VBOX   VBOXFACP 00000001 ASL  00000061)
[    0.000000] ACPI: DSDT 0x000000003FFF0470 0021FF (v02 VBOX   VBOXBIOS 00000002 INTL 20100528)
[    0.000000] ACPI: FACS 0x000000003FFF0200 000040
[    0.000000] ACPI: FACS 0x000000003FFF0200 000040
[    0.000000] ACPI: APIC 0x000000003FFF0240 00005C (v02 VOX   VBXAPIC 00000001 ASL  00000061)
[    0.000000] ACPI: SSDT 0x000000003FFF02A0 000CC (v01 VBOX   VBOXCPU 00000002 INTL 20100528)
[    0.000000] No NUMA configuration found
[    0.000000] Fakng a node at [mem 0x0000000000000000-0x000000003ffeffff]
    0.000000] NODE_DATA(0) allocated [mem 0x3ffeb000-0x3ffeffff]
[    0.000000] kvm-clok: Usng msrs 4b564d01 and 4b564d00
[   0.000000] kvm-clock: cpu 0, msr 0:3ffe3001, primary cpu clock
[    0.000000] kvm-clock: using sched offset of 5310427596 cycles
[    0.000000] clocksource: kvm-cloc: mask: 0xffffffffffffffff max_cycles: 0x1cd42e4dffb, max_idle_ns: 881590591483 ns
[    0.000000] Zone ranges:
[    0.000000]   DMA      [mem 0x0000000000001000-0x000000000ffffff]
[    0.000000]   DMA32    [mem 0x0000000001000000-0x00000000ffeffff][    0.000000]   Normal   empty
[    0.000000]   Device   empty
[    0.000000] Moable zone startfor acch node
[    0.000000] Early memory node ranges
[    0.000000]   node   0: [mem 0x000000000001000-0x000000000009efff]
[    0.000000]   node   0: [mem 0x0000000000100000-0x000000003ffeffff]
[    0.000000] Initmem setup node 0 [mem 0x0000000000001000-0x000000003ffeffff]
[    0.000000] ACPI: PM-Timer IO Port: 0x4008
[    0.000000] IOAPIC[0]: apic_id 2, version 32, address 0xfec00000 GSI 0-23
[    0.000000] ACPI: INT_SRC_OVR (bus 0 bus_irq 0 global_irq 2 dfl dfl)
[   0.000000] ACPI: IT_SR_OVR (bus 0 bus_irq 9 global_irq 9 low level)
[    0.000000] Using ACPI (MADT) for SP onfiguration information
[    0.000000] smpboo: Allowing 2 CPUs, 0 hotplug CPUs
[    0.000000] PM: Registered nosave memory: [mem 0x00000000-0x00000fff]
[    0.000000] PM: Registred nosave memory: mem 0x0009000-0x0009ffff]
[    0.000000] PM: Registered nosave memy: [mem 0x000a0000-0x000effff]
[   0.0000000] PM: Registered nosave memory: [mem 0x000f0000-0x000ffff]
[    0.000000] e820: [mem0x40000000-0xfebfffff] avilable for PCI devices
[    0.000000] Booting paravirtualized kernelon KVM
[    0.00000] clocksource: refned-jiffies: mask: 0xffffffff max_cycles: 0xffffffff, max_idle_ns: 7645519600211568 ns
[   0.000000] setup_percp: NR_CPUS:512 nr_cpumask_bits:512 nr_cpu_ids:2 nr_node_ids:1
[    0.000000] PERCPU: Embedded 34 paes/cpu @ffff88003fc00000 s99608 r8192 d31464 u1048576
[    0.00000] PV qspinlock hash table entries: 256 (order: 0, 4096 bytes)
[    0.000000] Built 1 zonelists in Node order, mobility grouping on.  Total pages: 257912
[    0.000000] Policy zone: DMA32
[    0.000000] Kernel command line: BOOT_IMAGE=/boot/vmlinuz-4.4.0-137-generic root=LABEL=cloudimg-rootfs ro console=tty1 console=ttyS0
[    0.000000] PID hash table entries: 4096 (order: 3, 32768 bytes)
[    0.000000] Memory: 997716K/1048120K available (8555K kernel code, 1314K rwdata, 4004K rodata, 1528K init, 1316K bss, 50404K reserved, 0K cma-reserved)
[    0.000000] SLUB: HWalign=64, Order=0-3, MinObjects=0, CPUs=2, Nodes=1
[    0.000000] Kernel/User page tables isolation: enabled
[    0.000000] Hierarchical RCU implementation.
[    0.000000] 	Build-time adjustment of leaf fanut to 64.
[    0.000000] 	RCU resricting CUs from NR_PUS=512 to r_cpu_ids=.
[    .000000] RCU: Austing geometryfor rcu_fanout_leaf64, nr_cpu_ids=2
[    0.000000] NR_IRQS:33024 nr_irs:440 16
[    .000000] Console: colour VGA+ 80x25
    0.000000 console [tty1] enbled
    0.000000] console [ttyS0] enabled
[    0.000000] tsc: Detected 1600.000 MHz processor
[    2.122626] Calibrating delay loop (skipped) preset value.. 3200.00 BogoMIPS (lpj=6400000)
[    2.155811] pid_max: default: 32768 minimum: 301
[    2.162677] ACPI: Core revision 20150930
[    2.165755] ACPI: 2 ACPI AML tables successfully acquired and loaded
[    2.182817] Security Framework initialized
[    2.191012] Yama: becoming mindful.
[    2.202345] AppArmor: AppArmor initialized
[    2.211533] Dentry cache hash table entries: 131072 (order: 8, 1048576 bytes)
[    2.225537] Inode-cache hash table entries: 65536 (order: 7, 524288 bytes)
[    2.233299] Mount-cache hash table entries: 2048 (order: 2, 16384 bytes)
[    2.247261] Mountpoint-cache hash table entries: 2048 (order: 2, 16384 bytes)
[    2.253080] Initializing cgroup subsys io
[    2.254865] Initializing cgroup subsys memory
[    2.275418] Initializing cgroup subsys devices
[    2.288254] Initializing cgroup subsys freezer
[    2.291870] Initializing cgroup subsys net_cls
[    2.293942] Initializing cgroup subsys perf_event
[    2.312085] Initializing cgroup subsys net_prio
[    2.317282] Initializing cgroup subsys hugetlb
[    2.322873] Initializing cgroup subsys pids
[    2.325776] mce: CPU supports 0 MCE banks
[    2.336017] Last level iTLB entries: 4KB 64, 2MB 8, 4MB 8
[    2.346653] Last level dTLB entries: 4KB 64, 2MB 0, 4MB 0, 1GB 4
[    2.367392] Spectre V2 : Mitigation: Full generic retpoline
[    2.373485] Spectre V2 : Spectre v2 mitigation: Speculation control IBPB not-supported IBRS not-supported
[    2.399028] Spectre V2 : Spectre v2 / SpectreRSB mitigation: Filling RSB on context switch
[    2.416144] Speculative Store Bypass: Vulnerable
[    2.440236] Freeing SMP alternatives memory: 32K
[    2.457735] ftrace: allocating 32265 entries in 127 pages
[    2.539812] smpboot: APIC(0) Converting physical 0 to logical package 0
[    2.545352] smpboot: Max logical packages: 1
[    2.548323] x2apic enabled
[    2.552028] Switched APIC routing to physical x2apic.
[    2.555867] ..TIMER: vector=0x30 apic1=0 pin1=2 apic2=-1 pin2=-1
[    2.679267] smpboot: CPU0: Intel(R) Core(TM) i5-5250U CPU @ 1.60GHz (family: 0x6, model: 0x3d, stepping: 0x4)
[    2.691460] Performance Events: unsupported p6 CPU model 61 no PMU driver, software events only.
[    2.700098] KVM setup paravirtual spinlock
[    2.702912] x86: Booting SMP configuration:
[    2.708556] .... node  #0, CPUs:      #1
[    2.710862] kvm-clock: cpu 1, msr 0:3ffe3041, secondary cpu clock
[    2.713696] mce: CPU supports 0 MCE banks
[    2.722853] x86: Booted up 1 node, 2 CPUs
[    2.724875] smpboot: Total of 2 processors activated (6400.00 BogoMIPS)
[    2.738880] devtmpfs: initialized
[    2.743827] evm: security.selinux
[    2.757529] evm: security.SMACK64
[    2.759203] evm: security.SMACK64EXEC
[    2.773154] evm: security.SMACK64TRANSMUTE
[    2.774894] evm: security.SMACK64MMAP
[    2.777857] evm: security.ima
[    2.780692] evm: security.capability
[    2.798467] clocksource: jiffies: mask: 0xffffffff max_cycles: 0xffffffff, max_idle_ns: 7645041785100000 ns
[    2.804906] futex hash table entries: 512 (order: 3, 32768 bytes)
[    2.809365] pinctrl core: initialized pinctrl subsystem
[    2.811651] RTC time: 15:55:43, date: 10/31/18
[    2.816858] NET: Registered protocol family 16
[    2.831072] cpuidle: using governor ladder
[    2.855955] cpuidle: using governor menu
[    2.860949] PCCT header not found.
[    2.863915] ACPI: bus type PCI registered
[    2.865909] acpiphp: ACPI Hot Plug PCI Controller Driver version: 0.5
[    2.869109] PCI: Using configuration type 1 for base access
[    2.884817] ACPI: Added _OSI(Module Device)
[    2.887067] ACPI: Added _OSI(Processor Device)
[    2.894974] ACPI: Added _OSI(3.0 _SCP Extensions)
[    2.908125] ACPI: Added _OSI(Processor Aggregator Device)
[    2.910939] ACPI: Executed 1 blocks of module-level executable AML code
[    2.917309] ACPI: Interpreter enabled
[    2.919424] ACPI: (supports S0 S5)
[    2.927313] ACPI: Using IOAPIC for interrupt routing
[    2.930065] PCI: Using host bridge windows from ACPI; if necessary, use "pci=nocrs" and report a bug
[    2.992125] ACPI: PCI Root Bridge [PCI0] (domain 0000 [bus 00-ff])
[    3.058711] acpi PNP0A03:00: _OSC: OS supports [ASPM ClockPM Segments MSI]
[    3.081599] acpi PNP0A03:00: _OSC: not requesting OS control; OS requires [ExtendedConfig ASPM ClockPM MSI]
[    3.119751] acpi PNP0A03:00: fail to add MMCONFIG information, can't access extended PCI configuration space under this bridge.
[    3.147804] PCI host bridge to bus 0000:00
[    3.153188] pci_bus 0000:00: root bus resource [io  0x0000-0x0cf7 window]
[    3.161585] pci_bus 0000:00: root bus resource [io  0x0d00-0xffff window]
[    3.186478] pci_bus 0000:00: root bus resource [mem 0x000a0000-0x000bffff window]
[    3.194025] pci_bus 0000:00: root bus resource [mem 0x40000000-0xfdffffff window]
[    3.203445] pci_bus 0000:00: root bus resource [bus 00-ff]
[    3.220481] pci 0000:00:01.1: legacy IDE quirk: reg 0x10: [io  0x01f0-0x01f7]
[    3.248636] pci 0000:00:01.1: legacy IDE quirk: reg 0x14: [io  0x03f6]
[    3.260917] pci 0000:00:01.1: legacy IDE quirk: reg 0x18: [io  0x0170-0x0177]
[    3.284756] pci 0000:00:01.1: legacy IDE quirk: reg 0x1c: [io  0x0376]
[    3.325420] pci 0000:00:07.0: quirk: [io  0x4000-0x403f] claimed by PIIX4 ACPI
[    3.331125] pci 0000:00:07.0: quirk: [io  0x4100-0x410f] claimed by PIIX4 SMB
[    3.361606] ACPI: PCI Interrupt Link [LNKA] (IRQs 5 9 10 *11)
[    3.365754] ACPI: PCI Interrupt Link [LNKB] (IRQs 5 9 *10 11)
[    3.369060] ACPI: PCI Interrupt Link [LNKC] (IRQs 5 *9 10 11)
[    3.374731] ACPI: PCI Interrupt Link [LNKD] (IRQs 5 9 10 *11)
[    3.377844] ACPI: Enabled 2 GPEs in block 00 to 07
[    3.380008] vgaarb: setting as boot device: PCI:0000:00:02.0
[    3.382522] vgaarb: device added: PCI:0000:00:02.0,decodes=io+mem,owns=io+mem,locks=none
[    3.385419] vgaarb: loaded
[    3.387431] vgaarb: bridge control possible 0000:00:02.0
[    3.389807] SCSI subsystem initialized
[    3.400488] ACPI: bus type USB registered
[    3.405448] usbcore: registered new interface driver usbfs
[    3.409320] usbcore: registered new interface driver hub
[    3.412937] usbcore: registered new device driver usb
[    3.436152] PCI: Using ACPI for IRQ routing
[    3.449554] NetLabel: Initializing
[    3.460799] NetLabel:  domain hash size = 128
[    3.472236] NetLabel:  protocols = UNLABELED CIPSOv4
[    3.474511] NetLabel:  unlabeled traffic allowed by default
[    3.478080] amd_nb: Cannot enumerate AMD northbridges
[    3.479907] clocksource: Switched to clocksource kvm-clock
[    3.509711] AppArmor: AppArmor Filesystem Enabled
[   3.51156] pnp: PnP ACPIinit
[    3.597512] pnp: PnP ACPI found 3 devics

[    3.669509] clocksource: acpi_pm: mask: 0xffffff max_cycle: 0xffffff, max_idle_ns 2085701024 ns
[    3.741382] NET: Regitered protocol family 2

[    3.770418] TCP established hash table entries: 8192 (order: 4, 65536 bytes)
[    3.774431] TCP bind hash table entries: 8192 (order: 5, 131072 byts)
[    3.807257] TCP: Hash ables configured (established 8192 bind 8192
[    3.86098] UDP hash table entries: 512 (order: 2, 16384 bytes)
[    3.889079] UDP-Lite hash table entries: 512 (order: 2, 16384 bytes)
[    3.17209] ET: Registered protocol family 1
[    3.97850] pci 000000:00.0: Limiting direc PCI/PCI transfers
[    4.050588] pci 0000:00:01.0Activating ISA DMA hang workrounds
[    4.132344] Unpacking initramfs...

[    4.495097] Freeing initrd memory: 14788K
[    4.496983] RAPL PMU detected, API unit is 2^-32 Joules, 4 fixed counters 10737418240 ms ovfl timer
[    4.533083] hw unit of domain pp0-core 2^-0 Joules
[    4.534946] hw unit of domain package 2^-0 Joules
[    4.537346] hw unit of domain dram 2^-0 Joules
[    4.542561] hw unit of domain pp1-gpu 2^-0 Joules
[    4.544633] platform rtc_cmos: registered platform RTC device (no PNP device found)
[    4.553269] Scanning for low memory corruption every 60 seconds
[    4.556596] audit: initializing netlink subsys (disabled)
[    4.573021] audit: type=2000 audit(1541001348.958:1): initialized
[    4.575743] Initialise system trusted keyring
[    4.603570] HugeTLB registered 2 MB page size, pre-allocated 0 pages
[    4.612658] zbud: loaded
[    4.614423] VFS: Disk quotas dquot_6.6.0
[    4.617555] VFS: Dquot-cache hash table entries: 512 (order 0, 4096 bytes)
[    4.651063] squashfs: version 4.0 (2009/01/31) Phillip Lougher
[    4.662944] fuse init (API version 7.23)
[    4.665277] Key type big_key registered
[    4.672726] Allocating IMA MOK and blacklist keyrings.
[    4.685092] Key type asymmetric registered
[    4.708453] Asymmetric key parser 'x509' registered
[    4.712628] Block layer SCSI generic (bsg) driver version 0.4 loaded (major 249)
[    4.717969] io scheduler noop registered
[    4.726244] io scheduler deadline registered (default)
[    4.731918] io scheduler cfq registered
[    4.747069] pci_hotplug: PCI Hot Plug PCI Core version: 0.5
[    4.751247] pciehp: PCI Express Hot Plug Controller Driver version: 0.4
[    4.754582] ACPI: AC Adapter [AC] (on-line)
[    4.758362] input: Power Button as /devices/LNXSYSTM:00/LNXPWRBN:00/input/input0
[    4.762452] ACPI: Power Button [PWRF]
[    4.764307] input: Sleep Button as /devices/LNXSYSTM:00/LNXSLPBN:00/input/input1
[    4.775421] ACPI: Sleep Button [SLPF]
[    4.777742] GHES: HEST is not enabled!
[    4.779682] ACPI: Battery Slot [BAT0] (battery present)
[    4.805267] Serial: 8250/16550 driver, 32 ports, IRQ sharing enabled
[    4.838413] 00:02: ttyS0 at I/O 0x3f8 (irq = 4, base_baud = 115200) is a 16550A
[    4.860347] Linux agpgart interface v0.103
[    4.869936] loop: module loaded
[    4.874479] scsi host0: ata_piix
[    4.877624] scsi host1: ata_piix
[    4.879023] ata1: PATA max UDMA/33 cmd 0x1f0 ctl 0x3f6 bmdma 0xd000 irq 14
[    4.892920] ata2: PATA max UDMA/33 cmd 0x170 ctl 0x376 bmdma 0xd008 irq 15
[    4.899256] libphy: Fixed MDIO Bus: probed
[    4.909405] tun: Universal TUN/TAP device driver, 1.6
[    4.911485] tun: (C) 1999-2004 Max Krasnyansky <maxk@qualcomm.com>
[    4.920309] PPP generic driver version 2.4.2
[    4.923602] ehci_hcd: USB 2.0 'Enhanced' Host Controller (EHCI) Driver
[    4.926083] ehci-pci: EHCI PCI platform driver
[    4.933229] ehci-platform: EHCI generic platform driver
[    4.948452] ohci_hcd: USB 1.1 'Open' Host Controller (OHCI) Driver
[    4.965093] ohci-pci: OHCI PCI platform driver
[    4.980336] ohci-platform: OHCI generic platform driver
[    4.987691] uhci_hcd: USB Universal Host Controller Interface driver
[    5.001383] i8042: PNP: PS/2 Controller [PNP0303:PS2K,PNP0f03:PS2M] at 0x60,0x64 irq 1,12
[    5.016004] serio: i8042 KBD port at 0x60,0x64 irq 1
[    5.027073] serio: i8042 AUX port at 0x60,0x64 irq 12
[    5.032556] mousedev: PS/2 mouse device common for all mice
[    5.035778] rtc_cmos rtc_cmos: rtc core: registered rtc_cmos as rtc0
[    5.038956] input: AT Translated Set 2 keyboard as /devices/platform/i8042/serio0/input/input2
[    5.045161] rtc_cmos rtc_cmos: alarms up to one day, 114 bytes nvram
[    5.052500] i2c /dev entries driver
[    5.054365] device-mapper: uevent: version 1.0.3
[    5.056844] device-mapper: ioctl: 4.34.0-ioctl (2015-10-28) initialised: dm-devel@redhat.com
[    5.060057] ledtrig-cpu: registered to indicate activity on CPUs
[    5.062604] NET: Registered protocol family 10
[    5.064381] NET: Registered protocol family 17
[    5.066454] Key type dns_resolver registered
[    5.068428] registered taskstats version 1
[    5.070495] Loading compiled-in X.509 certificates
[    5.074478] Loaded X.509 cert 'Build time autogenerated kernel key: 20acc96b50ca7641011eace69d32209215a9b56f'
[    5.095428] zswap: loaded using pool lzo/zbud
[    5.111894] Key type trusted registered
[    5.118737] Key type encrypted registered
[    5.132526] AppArmor: AppArmor sha1 policy hashing enabled
[    5.138407] ima: No TPM chip found, activating TPM-bypass!
[    5.141934] ima: Allocated hash algorithm: sha1
[    5.146096] evm: HMAC attrs: 0x1
[    5.149674]   Magic number: 6:836:943
[    5.159397] tty tty0: hash matches
[    5.162202] tty console: hash matches
[    5.164145] rtc_cmos rtc_cmos: setting system clock to 2018-10-31 15:55:45 UTC (1541001345)
[    5.179773] BIOS EDD facility v0.16 2004-Jun-25, 0 devices found
[    5.197133] EDD information not available.
[    5.206040] Freeing unused kernel memory: 1528K
[    5.220229] Write protecting the kernel read-only data: 14336k
[    5.229438] Freeing unused kernel memory: 1672K
[    5.232145] Freeing unused kernel memory: 92K
Loading, please wait...
starting version 229
[    5.253797] random: systemd-udevd: uninitialized urandom read (16 bytes read, 5 bits of entropy available)
[    5.254681] random: udevadm: uninitialized urandom read (16 bytes read, 5 bits of entropy available)
[    5.254707] random: udevadm: uninitialized urandom read (16 bytes read, 5 bits of entropy available)
[    5.265737] random: udevadm: uninitialized urandom read (16 bytes read, 5 bits of entropy available)
[    5.265899] random: udevadm: uninitialized urandom read (16 bytes read, 5 bits of entropy available)
[    5.266058] random: udevadm: uninitialized urandom read (16 bytes read, 5 bits of entropy available)
[    5.266115] random: udevadm: uninitialized urandom read (16 bytes read, 5 bits of entropy available)
[    5.266168] random: udevadm: uninitialized urandom read (16 bytes read, 5 bits of entropy available)
[    5.266222] random: udevadm: uninitialized urandom read (16 bytes read, 5 bits of entropy available)
[    5.266275] random: udevadm: uninitialized urandom read (16 bytes read, 5 bits of entropy available)
[    5.474500] Fusion MPT base driver 3.04.20
[    5.476518] Copyright (c) 1999-2008 LSI Corporation
[    5.484747] e1000: Intel(R) PRO/1000 Network Driver - version 7.3.21-k8-NAPI
[    5.494985] e1000: Copyright (c) 1999-2006 Intel Corporation.
[    5.510712] Fusion MPT SPI Host driver 3.04.20
[    5.523300] AVX2 version of gcm_enc/dec engaged.
[    5.525404] AES CTR mode by8 optimization enabled
[    5.534080] mptbase: ioc0: Initiating bringup
[    5.544011] tsc: Refined TSC clocksource calibration: 1600.839 MHz
[    5.548601] clocksource: tsc: mask: 0xffffffffffffffff max_cycles: 0x17133d89ab0, max_idle_ns: 440795205532 ns
[    5.612489] ioc0: LSI53C1030 A0: Capabilities={Initiator}
[    5.712872] input: ImExPS/2 Generic Explorer Mouse as /devices/platform/i8042/serio1/input/input4
[    5.813445] scsi host2: ioc0: LSI53C1030 A0, FwRev=00000000h, Ports=1, MaxQ=256, IRQ=20
[    5.937009] scsi 2:0:0:0: Direct-Access     VBOX     HARDDISK         1.0  PQ: 0 ANSI: 5
[    5.944146] scsi target2:0:0: Beginning Domain Validation
[    5.965430] scsi target2:0:0: Domain Validation skipping write tests
[    5.968273] scsi target2:0:0: Ending Domain Validation
[    5.971836] scsi target2:0:0: asynchronous
[    5.992133] scsi 2:0:1:0: Direct-Access     VBOX     HARDDISK         1.0  PQ: 0 ANSI: 5
[    5.995442] scsi target2:0:1: Beginning Domain Validation
[    6.004933] scsi target2:0:1: Domain Validation skipping write tests
[    6.007705] scsi target2:0:1: Ending Domain Validation
[    6.010062] scsi target2:0:1: asynchronous
[    6.029168] sd 2:0:0:0: Attached scsi generic sg0 type 0
[    6.032019] sd 2:0:0:0: [sda] 20971520 512-byte logical blocks: (10.7 GB/10.0 GiB)
[    6.036569] sd 2:0:1:0: [sdb] 20480 512-byte logical blocks: (10.5 MB/10.0 MiB)
[    6.045382] sd 2:0:1:0: Attached scsi generic sg1 type 0
[    6.048539] sd 2:0:0:0: [sda] Write Protect is off
[    6.051104] sd 2:0:0:0: [sda] Incomplete mode parameter data
[    6.059102] sd 2:0:0:0: [sda] Assuming drive cache: write through
[    6.063832] sd 2:0:1:0: [sdb] Write Protect is off
[    6.066805] sd 2:0:1:0: [sdb] Incomplete mode parameter data
[    6.074606] sd 2:0:1:0: [sdb] Assuming drive cache: write through
[    6.080208]  sda: sda1
[    6.088417] sd 2:0:0:0: [sda] Attached SCSI disk
[    6.092881] sd 2:0:1:0: [sdb] Attached SCSI disk
[    6.397482] e1000 0000:00:03.0 eth0: (PCI:33MHz:32-bit) 02:28:89:27:00:51
[    6.403029] e1000 0000:00:03.0 eth0: Intel(R) PRO/1000 Network Connection
[    6.415615] e1000 0000:00:03.0 enp0s3: renamed from eth0
Begin: Loading essential drivers ... [    7.873165] md: linear personality registered for level -1
[    7.878888] md: multipath personality registered for level -4
[    7.895701] md: raid0 personality registered for level 0
[    7.908367] md: raid1 personality registered for level 1
[    7.980141] raid6: sse2x1   gen()  7842 MB/s
[    8.060114] raid6: sse2x1   xor()  5849 MB/s
[    8.132274] raid6: sse2x2   gen()  8547 MB/s
[    8.199940] raid6: sse2x2   xor()  6297 MB/s
[    8.268422] raid6: sse2x4   gen() 10543 MB/s
[    8.340108] raid6: sse2x4   xor()  7751 MB/s
[    8.412196] raid6: avx2x1   gen() 15171 MB/s
[    8.484191] raid6: avx2x2   gen() 17635 MB/s
[    8.555981] raid6: avx2x4   gen() 19602 MB/s
[    8.568686] raid6: using algorithm avx2x4 gen() 19602 MB/s
[    8.573772] raid6: using avx2x2 recovery algorithm
[    8.577692] xor: automatically using best checksumming function:
[    8.616205]    avx       : 34191.000 MB/sec
[    8.625780] async_tx: api initialized (async)
[    8.638491] md: raid6 personality registered for level 6
[    8.641155] md: raid5 personality registered for level 5
[    8.650446] md: raid4 personality registered for level 4
[    8.668299] md: raid10 personality registered for level 10
done.
Begin: Running /scripts/init-premount ... done.[    8.716061] Btrfs loaded

Begin: Mounting root file system ... Begin: Running /scripts/local-top ... done.
Begin: Running /scripts/local-premount ... Scanning for Btrfs filesystems
done.
Warning: fsck not present, so skipping root file system
[    8.808289] EXT4-fs (sda1): mounted filesystem with ordered data mode. Opts: (null)
done.
Begin: Running /scripts/local-bottom ... done.
Begin: Running /scripts/init-bottom ... done.
[    9.100151] systemd[1]: systemd 229 running in system mode. (+PAM +AUDIT +SELINUX +IMA +APPARMOR +SMACK +SYSVINIT +UTMP +LIBCRYPTSETUP +GCRYPT +GNUTLS +ACL +XZ -LZ4 +SECCOMP +BLKID +ELFUTILS +KMOD -IDN)
[    9.125132] systemd[1]: Detected virtualization oracle.
[    9.127506] systemd[1]: Detected architecture x86-64.

Welcome to [1mUbuntu 16.04.5 LTS[0m!

[    9.18038] systemd[1]: Set hostname to <ubuntu>.

[    9.193157] systemd[1]: Initializing machine ID from random generator.
[    9.209406] systemd[1]: Installed transient /etc/machine-id file.
[    9.645272] systemd[1]: Listening on udev Kernel Socket.
[[0;32m  OK  [0m] Listening on udev Kernel Socket.
[    9.664955] systemd[1]: Reached target System Time Synchronized.
[[0;32m  OK  [0m] Reached target System Time Synchronized.
[    9.682962] systemd[1]: Set up automount Arbitrary Executable File Formats File System Automount Point.
[[0;32m  OK  [0m] Set up automount Arbitrary Executab...ats File System Automount Point.
[    9.712904] systemd[1]: Listening on LVM2 poll daemon socket.
[[0;32m  OK  [0m] Listening on LVM2 poll daemon socket.
[    9.744767] systemd[1]: Listening on LVM2 metadata daemon socket.
[[0;32m  OK  [0m] Listening on LVM2 metadata daemon socket.
[    9.770347] systemd[1]: Listening on udev Control Socket.
[[0;32m  OK  [0m] Listening on udev Control Socket.
[    9.782200] systemd[1]: Created slice User and Session Slice.
[[0;32m  OK  [0m] Created slice User and Session Slice.
[    9.813092] systemd[1]: Listening on Syslog Socket.
[[0;32m  OK  [0m] Listening on Syslog Socket.
[    9.831826] systemd[1]: Reached target Swap.
[[0;32m  OK  [0m] Reached target Swap.
[    9.853325] systemd[1]: Started Forward Password Requests to Wall Directory Watch.
[[0;32m  OK  [0m] Started Forward Password Requests to Wall Directory Watch.
[    9.876765] systemd[1]: Listening on /dev/initctl Compatibility Named Pipe.
[[0;32m  OK  [0m] Listening on /dev/initctl Compatibility Named Pipe.
[    9.893682] systemd[1]: Created slice System Slice.
[[0;32m  OK  [0m] Created slice System Slice.
[    9.903170] systemd[1]: Created slice system-serial\x2dgetty.slice.
[[0;32m  OK  [0m] Created slice system-serial\x2dgetty.slice.
[    9.919351] systemd[1]: Listening on Device-mapper event daemon FIFOs.
[[0;32m  OK  [0m] Listening on Device-mapper event daemon FIFOs.
[    9.930646] systemd[1]: Reached target Encrypted Volumes.
[[0;32m  OK  [0m] Reached target Encrypted Volumes.
[    9.937654] systemd[1]: Listening on Journal Socket.
[[0;32m  OK  [0m] Listening on Journal Socket.
[    9.956608] systemd[1]: Starting Set console keymap...
         Starting Set console keymap...
[    9.962572] systemd[1]: Starting Create list of required static device nodes for the current kernel...
         Starting Create list of required st... nodes for the current kernel...
[   10.044350] systemd[1]: Mounting Huge Pages File System...
         Mounting Huge Pages File System...
[   10.120743] systemd[1]: Mounting Debug File System...
         Mounting Debug File System...
[   10.142785] systemd[1]: Starting Remount Root and Kernel File Systems...
         Starting Remount Root and Kernel File Systems...
[   10.151214] EXT4-fs (sda1): re-mounted. Opts: (null)
[   10.157303] systemd[1]: Starting Load Kernel Modules...
         Starting Load Kernel Modules...
[   10.166460] systemd[1]: Starting Uncomplicated firewall...
[   10.178854] Loading iSCSI transport class v2.0-870.
         Starting Uncomplicated firewall...
[   10.184499] random: nonblocking pool is initialized
[   10.184924] systemd[1]: Started Trigger resolvconf update for networkd DNS.
[[0;32m  OK  [0m] Started Trigger resolvconf update for networkd DNS.
[   10.197538] systemd[1]: Listening on Journal Audit Socket.
[[0;32m  OK  [0m] Listening on Journal Audit S[   10.212959] iscsi: registered transport (tcp)
ocket.
[   10.222148] systemd[1]: Reached target User and Group Name Lookups.
[[0;32m  OK  [0m] Reached target User and Group Name Lookups.
[   10.234609] systemd[1]: Listening on Journal Socket (/dev/log).
[[0;32m  OK  [0m] Listening on Journal Socket (/dev/log).
[   10.264526] systemd[1]: Starting Journal Service...
         Starting Journal Service...
[   10.273822] systemd[1]: Starting Monitoring of LVM2 mirrors, snapshots etc. using dmeventd or progress polling...
         Startin[   10.282836] iscsi: registered transport (iser)
g Monitoring of LVM2 mirrors... dmeventd or progress polling...
[   10.724579] systemd[1]: Mounting POSIX Message Queue File System...
         Mounting POSIX Message Queue File System...
[   10.745163] systemd[1]: Reached target Slices.
[[0;32m  OK  [0m] Reached target Slices.
[   10.772249] systemd[1]: Starting Nameserver information manager...
         Starting Nameserver information manager...
[   10.791233] systemd[1]: Mounted Debug File System.
[[0;32m  OK  [0m] Mounted Debug File System.
[   10.815132] systemd[1]: Mounted POSIX Message Queue File System.
[[0;32m  OK  [0m] Mounted POSIX Message Queue File System.
[   10.845122] systemd[1]: Mounted Huge Pages File System.
[[0;32m  OK  [0m] Mounted Huge Pages File System.
[   10.871232] systemd[1]: Started Journal Service.
[[0;32m  OK  [0m] Started Journal Service.
[[0;32m  OK  [0m] Started Set console keymap.
[[0;32m  OK  [0m] Started Create list of required sta...ce nodes for the current kernel.
[[0;32m  OK  [0m] Started Remount Root and Kernel File Systems.
[[0;32m  OK  [0m] Started Load Kernel Modules.
[[0;32m  OK  [0m] Started Uncomplicated firewall.
[[0;32m  OK  [0m] Started Nameserver information manager.
[[0;32m  OK  [0m] Started LVM2 metadata daemon.
         Starting Apply Kernel Variables...
         Mounting FUSE Control File System...
         Starting Load/Save Random Seed...
         Starting udev Coldplug all Devices...
         Starting Create Static Device Nodes in /dev...
         Starting Flush Journal to Persistent Storage...
[[0;32m  OK  [0m] Mounted FUSE Control File System.
[[0;32m  OK  [0m] Started Apply Kernel Variables.
[[0;32m  OK  [0m] Started Load/Save Random Seed.
[[0;32m  OK  [0m] Started Monitoring of LVM2 mirrors,...ng dmeventd or progress polling.
[[0;32m  OK  [0m] Started Create Static Device Nodes in /dev.
[[0;32m  OK  [0m] Started udev Coldplug all Devices.
[[0;32m  OK  [0m] Started Flush Journal to Persistent Storage.
         Starting udev Kernel Device Manager...
[[0;32m  OK  [0m] Started udev Kernel Device Manager.
[[0;32m  OK  [0m] Reached target Local File Systems (Pre).
[[0;32m  OK  [0m] Reached target Local File Systems.
         Starting Create Volatile Files and Directories...
         Starting Commit a transient machine-id on disk...
         Starting Set console font and keymap...
         Starting Tell Plymouth To Write Out Runtime Data...
         Starting LSB: AppArmor initialization...
         Starting Initial cloud-init job (pre-networking)...
[[0;32m  OK  [0m] Started Dispatch Password Requests to Console Directory Watch.
[[0;32m  OK  [0m] Started Create Volatile Files and Directories.
[[0;32m  OK  [0m] Started Commit a transient machine-id on disk.
[[0;32m  OK  [0m] Started Tell Plymouth To Write Out Runtime Data.
[[0;32m  OK  [0m] Found device /dev/ttyS0.
[[0;32m  OK  [0m] Listening on Load/Save RF Kill Switch Status /dev/rfkill Watch.
         Starting Update UTMP about System Boot/Shutdown...
[[0;32m  OK  [0m] Started Update UTMP about System Boot/Shutdown.
[[0;32m  OK  [0m] Started Set console font and keymap.
[[0;32m  OK  [0m] Created slice system-getty.slice.
[   10.810883] cloud-init[538]: Cloud-init v. 18.3-9-g2e62cb8a-0ubuntu1~16.04.2 running 'init-local' at Wed, 31 Oct 2018 15:55:53 +0000. Up 10.20 seconds.
[[0;32m  OK  [0m] Started Initial cloud-init job (pre-networking).
[[0;32m  OK  [0m] Reached target Network (Pre).
[[0;32m  OK  [0m] Started LSB: AppArmor initialization.
         Starting Raise network interfaces...
[[0;32m  OK  [0m] Started Raise network interfaces.
         Starting Initial cloud-init job (metadata service crawler)...
[[0;32m  OK  [0m] Reached target Network.
[   12.724172] cloud-init[931]: Cloud-init v. 18.3-9-g2e62cb8a-0ubuntu1~16.04.2 running 'init' at Wed, 31 Oct 2018 15:55:54 +0000. Up 11.71 seconds.
[   12.746749] cloud-init[931]: ci-info: +++++++++++++++++++++++++++++++++++++Net device info+++++++++++++++++++++++++++++++++++++
[   12.754241] cloud-init[931]: ci-info: +--------+------+--------------------------+---------------+--------+-------------------+
[   12.772468] cloud-init[931]: ci-info: | Device |  Up  |         Address          |      Mask     | Scope  |     Hw-Address    |
[   12.804641] cloud-init[931]: ci-info: +--------+------+--------------------------+---------------+--------+-------------------+
[   12.805202] cloud-init[931]: ci-info: | enp0s3 | True |        10.0.2.15         | 255.255.255.0 | global | 02:28:89:27:00:51 |
[   12.808235] cloud-init[931]: ci-info: | enp0s3 | True | fe80::28:89ff:fe27:51/64 |       .       |  link  | 02:28:89:27:00:51 |
[[0;32m  OK  [0m] Started Initial cloud-init job (metadata service crawler).
[   12.808571] cloud-init[931]: ci-info: |   lo   | True |        127.0.0.1         |   255.0.0.0   |  host  |         .         |
[   12.960734] cloud-init[931]: ci-info: |   lo   | True |         ::1/128          |       .       |  host  |         .         |
[   12.961228] cloud-init[931]: ci-info: +--------+------+--------------------------+---------------+--------+-------------------+
[[0;32m  OK  [0m] Reached target Network is Online.
[   12.962248] cloud-init[931]: ci-info: +++++++++++++++++++++++++++Route IPv4 info++++++++++++++++++++++++++++
[   13.044729] cloud-init[931]: ci-info: +-------+-------------+----------+---------------+-----------+-------+
[   13.088544] cloud-init[931]: ci-info: | Route | Destination | Gateway  |    Genmask    | Interface | Flags |
[   13.089053] cloud-init[931]: ci-info: +-------+-------------+----------+---------------+-----------+-------+
         Starting iSCSI initiator daemon (iscsid)...
[[   13.090323] cloud-init[931]: ci-info: |   0   |   0.0.0.0   | 10.0.2.2 |    0.0.0.0    |   enp0s3  |   UG  |
[   13.194977] [0;32m  OK  [0mcloud-init] [931]: Reached target Cloud-config availability.ci-info: |   1   |   10.0.2.0  | 0.0.0.0  | 255.255.255.0 |   enp0s3  |   U   |

[   13.195788] cloud-init[931]: ci-info: +-------+-------------+----------+---------------+-----------+-------+
[   13.650374] cloud-init[931]: ci-info: +++++++++++++++++++Route IPv6 info+++++++++++++++++++
[   13.650932] cloud-init[931]: ci-info: +-------+-------------+---------+-----------+-------+
[[0;32m  OK  [0m] Reached target System Initialization.
[   13.652389] cloud-init[931]: ci-info: | Route | Destination | Gateway | Interface | Flags |
[   13.702751] cloud-init[931]: ci-info: +-------+-------------+---------+-----------+-------+
[   13.703279] cloud-init[931]: ci-info: |   0   |  fe80::/64  |    ::   |   enp0s3  |   U   |
         Starting Socket activation for snappy daemon.
[   13.706055] cloud-init[931]: ci-info: |   3   |   ff00::/8  |    ::   |   enp0s3  |   U   |
[   13.768864] cloud-init[931]: ci-info: +-------+-------------+---------+-----------+-------+
[   13.769891] cloud-init[931]: Generating public/private rsa key pair.
[[0;32m  OK  [0m] Listening on ACPID Listen Socket.
[   13.772137] cloud-init[931]: Your identification has been saved in /etc/ssh/ssh_host_rsa_key.
[   13.839702] cloud-init[931]: Your public key has been saved in /etc/ssh/ssh_host_rsa_key.pub.
[   13.840866] cloud-init[931]: The key fingerprint is:
[[0;32m  OK  [0m] Listening on UUID daemon activation socket.
[   13.841609] cloud-init[931]: SHA256:/fpz3Pu0xWXtvzKKrQBJnV39rZxOkuqNM6kq8EAu4wQ root@ubuntu-xenial
[   13.904825] cloud-init[931]: The key's randomart image is:
[   13.906823] cloud-init[931]: +---[RSA 2048]----+
[[0;32m  OK  [0m] Started Daily apt download activities.
[   13.908662] cloud-init[931]: |           ..    |
[   13.942391] cloud-init[931]: |      . o .  .   |
[[0;32m  OK  [0m] Listening on D-Bus System Message Bus Socket.
[[   13.942836] cloud-init[931]: |     . o .    . .|
[0;32m  OK  [0m[   13.990095] ] cloud-initStarted Daily Cleanup of Temporary Directories.[931]: 
|E . . .  .     .o|
[   14.028714] cloud-init[931]: |.o   o  S .  o o+|
[   14.029665] cloud-init[931]: |o.+   .    .o =+.|
[[0;32m  OK  [0m] Started ACPI Events Check.
[[   14.031773] cloud-init[931]: |oo +   .   o.= .=|
[   14.088360] cloud-init[931]: | .  o   . B+.o+.=|
[   14.090586] [0;32m  OK  [0mcloud-init] [931]: Reached target Paths.|     ....==*+oo+*|

[[   14.091830] cloud-init[931]: +----[SHA256]-----+
[   14.104312] cloud-init[931]: Generating public/private dsa key pair.
[   14.106436] [0;32m  OK  [0mcloud-init] [931]: Started Daily apt upgrade and clean activities.Your identification has been saved in /etc/ssh/ssh_host_dsa_key.

[   14.141251] cloud-init[931]: Your public key has been saved in /etc/ssh/ssh_host_dsa_key.pub.
[   14.142594] cloud-init[931]: The key fingerprint is:
[[0;32m  OK  [0m] Reached target Timers.
         [   14.188768] cloud-init[931]: SHA256:9kIfE5AAADDMTDLtHigMHZWc91ukQK90Bb0kS43Wq4A root@ubuntu-xenial
Starting LXD - unix socket.
[   14.191418] cloud-init[931]: The key's randomart image is:
[   14.192522] cloud-init[931]: +---[DSA 1024]----+
[   14.260638] cloud-init[931]: |%=o=o=o.oB.      |
[   14.261488] cloud-init[931]: |o*o + o.*o*      |
[[0;32m  OK  [0m] Listening on Socket activation for snappy daemon.
[   14.263220] cloud-init[931]: |oo   o.=o*.o     |
[   14.355726] cloud-init[931]: |o.o E..o+ +.     |
[[0;32m  OK  [0m] Listening on LXD - unix socket.
[[   14.358543] cloud-init[931]: |.. .  ..S+o      |
[   14.366984] cloud-init[931]: |  .    ooo o     |
[   14.369112] cloud-init[931]: |        . o      |
[   14.370437] cloud-init[931]: |         .       |
[0;32m  OK  [0m] Started iSCSI initiator daemon (iscsid).
[   14.371367] cloud-init[931]: |                 |
[   14.439248] cloud-init[931]: +----[SHA256]-----+
[   14.457107] cloud-init[931]: Generating public/private ecdsa key pair.
[   14.457988] cloud-init[931]: Your identification has been saved in /etc/ssh/ssh_host_ecdsa_key.
         Starting Login to default iSCSI targets...
[   14.458863] cloud-init[931]: Your public key has been saved in /etc/ssh/ssh_host_ecdsa_key.pub.
[   14.563113] cloud-init[931]: The key fingerprint is:
[[0;32m  OK  [0m] Reached target Sockets.
[   14.564238] cloud-init[931]: SHA256:v5FAzvLahzSbYAQ2w0DkzztX1U+hqOR0P1lEGVp1nFs root@ubuntu-xenial
[[0;32m  OK  [0m] Reached target Basic System.
[   14.597445] cloud-init[931]: The key's randomart image is:
[   14.636378] cloud-init[931]: +---[ECDSA 256]---+
[   14.638588] cloud-init[931]: | o+o         .*=+|
[   14.641883] cloud-init[931]: | .  *      o =.oE|
[   14.668474] cloud-init[931]: |  .. +  + + + o o|
[   14.669296] cloud-init[931]: |   o  .B + . = . |
[[0;32m  OK  [0m] Started Deferred execution scheduler.
[   14.670605] cloud-init[931]: |    o.. S   + .  |
[   14.717252] cloud-init[931]: |     .o+oo . .   |
[   14.718346] cloud-init[931]: |    o..o.=+      |
         Starting System Logging Service...
[   14.720449] cloud-init[931]: |     o o+ .o     |
[[0;32m  OK  [0m] Started FUSE filesystem for LXC.
[   14.771897] cloud-init[931]: |      . ...      |
[[0;32m  OK  [0m[   14.804255] ] cloud-initStarted Unattended Upgrades Shutdown.[931]: 
+----[SHA256]-----+
[   14.804632] cloud-init[931]: Generating public/private ed25519 key pair.
[   14.929628] cloud-init[931]: Your identification has been saved in /etc/ssh/ssh_host_ed25519_key.
[   14.944755] cloud-init[931]: Your public key has been saved in /etc/ssh/ssh_host_ed25519_key.pub.
[   14.956420] cloud-init[931]: The key fingerprint is:
[   14.957374] cloud-init[931]: SHA256:loEYgTJ0CY/5YzKMxXMOqZacqLz2YlIPXxFK7LleNYY root@ubuntu-xenial
[   14.960773] cloud-init[931]: The key's randomart image is:
[   14.960982] cloud-init[931]: +--[ED25519 256]--+
         Starting LSB: MD monitoring daemon...
[   14.961070] cloud-init[931]: |.o.++.           |
[   15.000399] cloud-init[931]: |o.*ooo..         |
[   15.008578] cloud-init[931]: | =*+oo.o.        |
[   15.014652] cloud-init[931]: |=o+=+ E +o       |
[   15.019848] cloud-init[931]: |+O +.. +S.       |
[   15.024107] cloud-init[931]: |+ * o o.         |
[   15.036632] cloud-init[931]: |.o = o           |
[   15.037900] cloud-init[931]: |.+. +            |
[   15.039628] cloud-init[931]: |+.o.             |
         Starting Pollinate to seed the pseudo random number generator...
[   15.041987] cloud-init[931]: +----[SHA256]-----+
[[0;32m  OK  [0m] Started ACPI event daemon.
         Starting Virtualbox guest utils...
         Starting Accounts Service...
[[0;32m  OK  [0m] Started Regular background program processing daemon.
         Starting LSB: Record successful boot for GRUB...
         Starting /etc/rc.local Compatibility...
         Starting Login Service...
         Starting LXD - container startup/shutdown...
[[0;32m  OK  [0m] Started D-Bus System Message Bus.
         Starting Snappy daemon...
[[0;32m  OK  [0m] Started System Logging Service.
[[0;32m  OK  [0m] Started Pollinate to seed the pseudo random number generator.
[[0;32m  OK  [0m] Started /etc/rc.local Compatibility.
[[0;32m  OK  [0m] Started LXD - container startup/shutdown.
[[0;32m  OK  [0m] Started Login to default iSCSI targets.
[[0;32m  OK  [0m] Started LSB: MD monitoring daemon.
[[0;32m  OK  [0m] Started LSB: Record successful boot for GRUB.
[[0;32m  OK  [0m] Started Login Service.
         Starting Authenticate and Authorize Users to Run Privileged Tasks...
[[0;32m  OK  [0m] Reached target Remote File Systems (Pre).
[[0;32m  OK  [0m] Reached target Remote File Systems.
         Starting Permit User Sessions...
         Starting LSB: automatic crash report generation...
         Starting LSB: Set the CPU Frequency Scaling governor to "ondemand"...
         Starting LSB: daemon to balance interrupts for SMP systems...
         Starting OpenBSD Secure Shell server...
[[0;32m  OK  [0m] Started Virtualbox guest utils.
[[0;32m  OK  [0m] Started Permit User Sessions.
[[0;32m  OK  [0m] Started Snappy daemon.
[[0;32m  OK  [0m] Started OpenBSD Secure Shell server.
[[0;32m  OK  [0m] Started Authenticate and Authorize Users to Run Privileged Tasks.
[[0;32m  OK  [0m] Started Accounts Service.
         Starting Wait until snapd is fully seeded...
         Starting Hold until boot process finishes up...
         Starting Terminate Plymouth Boot Screen...
[[0;32m  OK  [0m] Started LSB: automatic crash report generation.
[[0;32m  OK  [0m] Started LSB: Set the CPU Frequency Scaling governor to "ondemand".
[[0;32m  OK  [0m] Started LSB: daemon to balance interrupts for SMP systems.
[[0;32m  OK  [0m] Started Hold until boot process finishes up.
[[0;32m  OK  [0m] Started Terminate Plymouth Boot Screen.
[[0;32m  OK  [0m] Created slice User Slice of vagrant.
         Starting User Manager for UID 1000...
[[0;32m  OK  [0m] Started Session 1 of user vagrant.
         Starting Set console scheme...
[[0;32m  OK  [0m] Started Serial Getty on ttyS0.
[[0;32m  OK  [0m] Started Getty on tty1.
[[0;32m  OK  [0m] Reached target Login Prompts.
[[0;32m  OK  [0m] Started User Manager for UID 1000.
[[0;32m  OK  [0m] Started Set console scheme.
         Stopping User Manager for UID 1000...
[[0;32m  OK  [0m] Stopped User Manager for UID 1000.
[[0;32m  OK  [0m] Removed slice User Slice of vagrant.
[[0;32m  OK  [0m] Started Wait until snapd is fully seeded.
         Starting Apply the settings specified in cloud-config...
[[0;32m  OK  [0m] Reached target Multi-User System.
[[0;32m  OK  [0m] Reached target Graphical Interface.
         Starting Update UTMP about System Runlevel Changes...
[[0;32m  OK  [0m] Created slice User Slice of vagrant.
         Starting User Manager for UID 1000...
[[0;32m  OK  [0m] Started Session 2 of user vagrant.
[[0;32m  OK  [0m] Started Update UTMP about System Runlevel Changes.
[[0;32m  OK  [0m] Started User Manager for UID 1000.
[   19.541428] cloud-init[1449]: Generating locales (this might take a while)...
[   21.005850] cloud-init[1449]:   en_US.UTF-8... done
[   21.012422] cloud-init[1449]: Generation complete.
[   21.759080] cloud-init[1449]: Cloud-init v. 18.3-9-g2e62cb8a-0ubuntu1~16.04.2 running 'modules:config' at Wed, 31 Oct 2018 15:56:02 +0000. Up 19.37 seconds.
ci-info: no authorized ssh keys fingerprints found for user ubuntu.
<14>Oct 31 15:56:05 ec2: 
<14>Oct 31 15:56:05 ec2: #############################################################
<14>Oct 31 15:56:05 ec2: -----BEGIN SSH HOST KEY FINGERPRINTS-----
<14>Oct 31 15:56:05 ec2: 1024 SHA256:9kIfE5AAADDMTDLtHigMHZWc91ukQK90Bb0kS43Wq4A root@ubuntu-xenial (DSA)
<14>Oct 31 15:56:05 ec2: 256 SHA256:v5FAzvLahzSbYAQ2w0DkzztX1U+hqOR0P1lEGVp1nFs root@ubuntu-xenial (ECDSA)
<14>Oct 31 15:56:05 ec2: 256 SHA256:loEYgTJ0CY/5YzKMxXMOqZacqLz2YlIPXxFK7LleNYY root@ubuntu-xenial (ED25519)
<14>Oct 31 15:56:05 ec2: 2048 SHA256:/fpz3Pu0xWXtvzKKrQBJnV39rZxOkuqNM6kq8EAu4wQ root@ubuntu-xenial (RSA)
<14>Oct 31 15:56:05 ec2: -----END SSH HOST KEY FINGERPRINTS-----
<14>Oct 31 15:56:05 ec2: #############################################################
-----BEGIN SSH HOST KEY KEYS-----
ecdsa-sha2-nistp256 AAAAE2VjZHNhLXNoYTItbmlzdHAyNTYAAAAIbmlzdHAyNTYAAABBBNBSrb5KUESSJPnhEU9FuNitJ6BZKuw4CNJpBEdIQCspYv9KH/olClWagQ2JLCHvD+a1yC40uvjeiqVrvkxVbkg= root@ubuntu-xenial
ssh-ed25519 AAAAC3NzaC1lZDI1NTE5AAAAIO5xbAh+wmyu7YYkdJieC89ZAdzqZBaCTRDdw5ks2OgT root@ubuntu-xenial
ssh-rsa AAAAB3NzaC1yc2EAAAADAQABAAABAQDJomU7vge1bnkPGs5caX1YiyDhik0e5is3aVi/yBAtDBhzS647ULvCalYGv9oBcRPq3nuQap+oovYhfGR4GiHrSbVfv66p5drdEmVhMWblCyLNtbe/5tyudT3Amn4HRoZRIF941tVGfxKNBTCkYSIt1zYQ2LhXOyE/BmTBtfsuDVfZgzKoxnUhg4qpIDpePUsSNKtGiVjq8XOaS0W2fDqxU7Mir8Knd/wXL0SroN08MyHbOtwwoecoEJRO/NTbOl9f+9i1TpFSxOBiGxJyWO8is70QJNFkbFRgd/gnCO5r1Ou3tZS3VQua4OrugvKq2n6zsKZR0SNx+pyMhQT9hUEf root@ubuntu-xenial
-----END SSH HOST KEY KEYS-----
[   22.629676] cloud-init[1664]: Cloud-init v. 18.3-9-g2e62cb8a-0ubuntu1~16.04.2 running 'modules:final' at Wed, 31 Oct 2018 15:56:05 +0000. Up 22.32 seconds.
[   22.629987] cloud-init[1664]: ci-info: no authorized ssh keys fingerprints found for user ubuntu.
[   22.630125] cloud-init[1664]: Cloud-init v. 18.3-9-g2e62cb8a-0ubuntu1~16.04.2 finished at Wed, 31 Oct 2018 15:56:05 +0000. Datasource DataSourceNoCloud [seed=/dev/sdb][dsmode=net].  Up 22.61 seconds

Ubuntu 16.04.5 LTS ubuntu-xenial ttyS0

ubuntu-xenial login: 